New log file opened at Sat Oct 08 00:17:48 ICT 2016 by 13911@hanhle
Taking next connection to: 33262
New client attempting to connect on port: 56212-33262
  Address = /127.0.1.1:33262
This client on port 56212 has uuid 9bc3e929-36b7-40bd-bf61-7839089c7df0 configName activator humanReadableName Activator protocolVersion 3 featureTags Vector()
Connected Clients: activator-9bc3e929-36b7-40bd-bf61-7839089c7df0
Taking next connection to: 33262
New client attempting to connect on port: 56238-33262
  Address = /127.0.1.1:33262
Handshake exception on socket: 56238
sbt.impl.ipc.HandshakeException: Unable to perform handshake
	at sbt.impl.ipc.Peer.handshake(IPC.scala:46)
	at sbt.impl.ipc.MultiClientServer.<init>(IPC.scala:150)
	at sbt.server.SbtServerSocketHandler$$anon$1.run(SbtServerSocketHandler.scala:43)
Caused by: java.io.EOFException
	at java.io.DataInputStream.readInt(DataInputStream.java:392)
	at sbt.impl.ipc.Peer.receive(IPC.scala:95)
	at sbt.impl.ipc.Peer.handshake(IPC.scala:49)
	... 2 more
Taking next connection to: 33262
New client attempting to connect on port: 56240-33262
  Address = /127.0.1.1:33262
This client on port 56240 has uuid d0c8eacd-4b0d-4c7b-8b72-40bbe51fdeca configName play-fork-run humanReadableName Play Fork Run protocolVersion 1 featureTags Vector()
Connected Clients: activator-9bc3e929-36b7-40bd-bf61-7839089c7df0, play-fork-run-d0c8eacd-4b0d-4c7b-8b72-40bbe51fdeca
Taking next connection to: 33262
